<?xml version="1.0" encoding="UTF-8"?>
<testng-results ignored="0" total="3" passed="3" failed="0" skipped="0">
  <reporter-output>
    <line>
      <![CDATA[setting value isnull]]>
    </line>
    <line>
      <![CDATA[=================================================================]]>
    </line>
    <line>
      <![CDATA[=================================================================]]>
    </line>
    <line>
      <![CDATA[[INFO]: TEST BROWSER IS  CHROME]]>
    </line>
    <line>
      <![CDATA[=================================================================]]>
    </line>
    <line>
      <![CDATA[=================================================================]]>
    </line>
  </reporter-output>
  <suite started-at="2019-08-23T05:40:19Z" name="Default suite" finished-at="2019-08-23T05:40:28Z" duration-ms="8634">
    <groups>
    </groups>
    <test started-at="2019-08-23T05:40:19Z" name="Default test" finished-at="2019-08-23T05:40:28Z" duration-ms="8634">
      <class name="com.codebase.GoogleTestClass">
        <test-method is-config="true" signature="beforeClass()[pri:0, instance:com.codebase.GoogleTestClass@2ddc8ecb]" started-at="2019-08-23T05:40:19Z" name="beforeClass" finished-at="2019-08-23T05:40:26Z" duration-ms="6312" status="PASS">
          <reporter-output>
            <line>
              <![CDATA[setting value isnull]]>
            </line>
            <line>
              <![CDATA[=================================================================]]>
            </line>
            <line>
              <![CDATA[=================================================================]]>
            </line>
            <line>
              <![CDATA[[INFO]: TEST BROWSER IS  CHROME]]>
            </line>
            <line>
              <![CDATA[=================================================================]]>
            </line>
            <line>
              <![CDATA[=================================================================]]>
            </line>
          </reporter-output>
        </test-method> <!-- beforeClass -->
        <test-method signature="Test01_Verify_Google_Title()[pri:0, instance:com.codebase.GoogleTestClass@2ddc8ecb]" started-at="2019-08-23T05:40:26Z" name="Test01_Verify_Google_Title" finished-at="2019-08-23T05:40:26Z" duration-ms="12" status="PASS">
          <reporter-output>
          </reporter-output>
        </test-method> <!-- Test01_Verify_Google_Title -->
        <test-method signature="Test02_Verify_Google_Logo()[pri:0, instance:com.codebase.GoogleTestClass@2ddc8ecb]" started-at="2019-08-23T05:40:26Z" name="Test02_Verify_Google_Logo" finished-at="2019-08-23T05:40:26Z" duration-ms="92" status="PASS">
          <reporter-output>
          </reporter-output>
        </test-method> <!-- Test02_Verify_Google_Logo -->
        <test-method signature="Test03_Verify_Country_Name()[pri:0, instance:com.codebase.GoogleTestClass@2ddc8ecb]" started-at="2019-08-23T05:40:26Z" name="Test03_Verify_Country_Name" finished-at="2019-08-23T05:40:26Z" duration-ms="106" status="PASS">
          <reporter-output>
          </reporter-output>
        </test-method> <!-- Test03_Verify_Country_Name -->
        <test-method is-config="true" signature="afterClass()[pri:0, instance:com.codebase.GoogleTestClass@2ddc8ecb]" started-at="2019-08-23T05:40:26Z" name="afterClass" finished-at="2019-08-23T05:40:28Z" duration-ms="2079" status="PASS">
          <reporter-output>
          </reporter-output>
        </test-method> <!-- afterClass -->
      </class> <!-- com.codebase.GoogleTestClass -->
    </test> <!-- Default test -->
  </suite> <!-- Default suite -->
</testng-results>
