<?xml version="1.0" encoding="UTF-8"?>
<!-- Generated by org.testng.reporters.JUnitXMLReporter -->
<testsuite ignored="0" hostname="Waqas-Laptop" failures="0" tests="3" name="Default test" time="8.634" errors="0" timestamp="23 Aug 2019 05:40:28 GMT">
  <testcase classname="com.codebase.GoogleTestClass" name="Test01_Verify_Google_Title" time="0.012"/>
  <testcase classname="com.codebase.GoogleTestClass" name="Test02_Verify_Google_Logo" time="0.092"/>
  <testcase classname="com.codebase.GoogleTestClass" name="Test03_Verify_Country_Name" time="0.106"/>
</testsuite> <!-- Default test -->
