<?xml version="1.0" encoding="UTF-8"?>
<!-- Generated by org.testng.reporters.JUnitXMLReporter -->
<testsuite ignored="0" hostname="Waqas-Laptop" failures="0" tests="5" name="Default test" time="22.413" errors="0" timestamp="13 Sep 2019 11:40:09 GMT">
  <testcase classname="com.codebase.AhungTestClass" name="Test01_Verify_Ahung_Title" time="5.028"/>
  <testcase classname="com.codebase.AhungTestClass" name="Test02_Verify_Ahung_Logo" time="0.122"/>
  <testcase classname="com.codebase.AhungTestClass" name="Test03_Enter_User_Id" time="2.132"/>
  <testcase classname="com.codebase.AhungTestClass" name="Test04_Enter_Password" time="2.178"/>
  <testcase classname="com.codebase.AhungTestClass" name="Test05_Perform_Login" time="5.109"/>
</testsuite> <!-- Default test -->
